[2021-11-22 18:04:32.511] [jointLog] [info] setting maxHashResizeThreads to 16
[2021-11-22 18:04:32.511] [jointLog] [info] Fragment incompatibility prior below threshold.  Incompatible fragments will be ignored.
[2021-11-22 18:04:32.511] [jointLog] [info] Usage of --validateMappings implies use of minScoreFraction. Since not explicitly specified, it is being set to 0.65
[2021-11-22 18:04:32.511] [jointLog] [info] Setting consensusSlack to selective-alignment default of 0.35.
[2021-11-22 18:04:32.511] [jointLog] [info] parsing read library format
[2021-11-22 18:04:32.511] [jointLog] [info] There is 1 library.
[2021-11-22 18:04:32.637] [jointLog] [info] Loading pufferfish index
[2021-11-22 18:04:32.638] [jointLog] [info] Loading dense pufferfish index.
[2021-11-22 18:04:33.362] [jointLog] [info] done
[2021-11-22 18:04:33.362] [jointLog] [info] Index contained 32,139 targets
[2021-11-22 18:04:34.386] [jointLog] [info] Number of decoys : 0
[2021-11-22 18:04:36.152] [jointLog] [info] Automatically detected most likely library type as ISR

[2021-11-22 18:12:30.197] [jointLog] [info] Thread saw mini-batch with a maximum of 1.34% zero probability fragments
[2021-11-22 18:12:30.333] [jointLog] [info] Thread saw mini-batch with a maximum of 1.22% zero probability fragments
[2021-11-22 18:12:30.463] [jointLog] [info] Thread saw mini-batch with a maximum of 1.36% zero probability fragments
[2021-11-22 18:12:30.470] [jointLog] [info] Thread saw mini-batch with a maximum of 1.22% zero probability fragments
[2021-11-22 18:12:30.606] [jointLog] [info] Thread saw mini-batch with a maximum of 1.26% zero probability fragments
[2021-11-22 18:12:30.612] [jointLog] [info] Thread saw mini-batch with a maximum of 1.38% zero probability fragments
[2021-11-22 18:12:30.639] [jointLog] [info] Thread saw mini-batch with a maximum of 1.26% zero probability fragments
[2021-11-22 18:12:30.641] [jointLog] [info] Thread saw mini-batch with a maximum of 1.30% zero probability fragments
[2021-11-22 18:12:30.669] [jointLog] [info] Thread saw mini-batch with a maximum of 1.28% zero probability fragments
[2021-11-22 18:12:30.703] [jointLog] [info] Thread saw mini-batch with a maximum of 1.22% zero probability fragments
[2021-11-22 18:12:30.750] [jointLog] [info] Thread saw mini-batch with a maximum of 1.22% zero probability fragments
[2021-11-22 18:12:30.796] [jointLog] [info] Thread saw mini-batch with a maximum of 1.22% zero probability fragments
[2021-11-22 18:12:30.824] [jointLog] [info] Thread saw mini-batch with a maximum of 1.34% zero probability fragments
[2021-11-22 18:12:30.830] [jointLog] [info] Thread saw mini-batch with a maximum of 1.38% zero probability fragments
[2021-11-22 18:12:30.838] [jointLog] [info] Thread saw mini-batch with a maximum of 1.30% zero probability fragments
[2021-11-22 18:12:30.852] [jointLog] [info] Thread saw mini-batch with a maximum of 1.32% zero probability fragments
[2021-11-22 18:12:30.971] [jointLog] [info] Computed 95,246 rich equivalence classes for further processing
[2021-11-22 18:12:30.971] [jointLog] [info] Counted 18,770,613 total reads in the equivalence classes 
[2021-11-22 18:12:30.983] [jointLog] [info] Number of mappings discarded because of alignment score : 6,985,679
[2021-11-22 18:12:30.983] [jointLog] [info] Number of fragments entirely discarded because of alignment score : 1,060,211
[2021-11-22 18:12:30.983] [jointLog] [info] Number of fragments discarded because they are best-mapped to decoys : 0
[2021-11-22 18:12:30.983] [jointLog] [info] Number of fragments discarded because they have only dovetail (discordant) mappings to valid targets : 120,949
[2021-11-22 18:12:30.983] [jointLog] [info] Mapping rate = 76.6189%

[2021-11-22 18:12:30.983] [jointLog] [info] finished quantifyLibrary()
[2021-11-22 18:12:30.985] [jointLog] [info] Starting optimizer
[2021-11-22 18:12:31.025] [jointLog] [info] Marked 0 weighted equivalence classes as degenerate
[2021-11-22 18:12:31.034] [jointLog] [info] iteration = 0 | max rel diff. = 31719.7
[2021-11-22 18:12:31.119] [jointLog] [info] iteration 11, adjusting effective lengths to account for biases
[2021-11-22 18:12:30.972] [fileLog] [info] 
At end of round 0
==================
Observed 24498661 total fragments (24498661 in most recent round)

[2021-11-22 18:15:52.512] [jointLog] [info] Computed expected counts (for bias correction)
[2021-11-22 18:15:52.523] [jointLog] [info] processed bias for 0.0% of the transcripts
[2021-11-22 18:16:08.209] [jointLog] [info] processed bias for 10.0% of the transcripts
[2021-11-22 18:16:23.845] [jointLog] [info] processed bias for 20.0% of the transcripts
[2021-11-22 18:16:39.411] [jointLog] [info] processed bias for 30.0% of the transcripts
[2021-11-22 18:16:55.603] [jointLog] [info] processed bias for 40.0% of the transcripts
[2021-11-22 18:17:11.812] [jointLog] [info] processed bias for 50.0% of the transcripts
[2021-11-22 18:17:27.475] [jointLog] [info] processed bias for 60.0% of the transcripts
[2021-11-22 18:17:43.735] [jointLog] [info] processed bias for 70.0% of the transcripts
[2021-11-22 18:17:59.338] [jointLog] [info] processed bias for 80.0% of the transcripts
[2021-11-22 18:18:15.037] [jointLog] [info] processed bias for 90.0% of the transcripts
[2021-11-22 18:18:30.024] [jointLog] [info] processed bias for 100.0% of the transcripts
[2021-11-22 18:18:30.061] [jointLog] [info] processed bias for 100.0% of the transcripts
[2021-11-22 18:18:30.775] [jointLog] [info] iteration = 100 | max rel diff. = 14.7962
[2021-11-22 18:18:31.582] [jointLog] [info] iteration = 200 | max rel diff. = 1.19369
[2021-11-22 18:18:32.388] [jointLog] [info] iteration = 300 | max rel diff. = 7.81403
[2021-11-22 18:18:33.197] [jointLog] [info] iteration = 400 | max rel diff. = 1.8698
[2021-11-22 18:18:33.990] [jointLog] [info] iteration = 500 | max rel diff. = 0.100191
[2021-11-22 18:18:34.782] [jointLog] [info] iteration = 600 | max rel diff. = 0.0486982
[2021-11-22 18:18:35.569] [jointLog] [info] iteration = 700 | max rel diff. = 1.28359
[2021-11-22 18:18:36.357] [jointLog] [info] iteration = 800 | max rel diff. = 0.0386276
[2021-11-22 18:18:37.142] [jointLog] [info] iteration = 900 | max rel diff. = 0.0414245
[2021-11-22 18:18:37.950] [jointLog] [info] iteration = 1,000 | max rel diff. = 0.0456449
[2021-11-22 18:18:38.762] [jointLog] [info] iteration = 1,100 | max rel diff. = 0.152493
[2021-11-22 18:18:39.556] [jointLog] [info] iteration = 1,200 | max rel diff. = 0.0172856
[2021-11-22 18:18:40.344] [jointLog] [info] iteration = 1,300 | max rel diff. = 0.0177783
[2021-11-22 18:18:40.810] [jointLog] [info] iteration = 1,360 | max rel diff. = 0.00139705
[2021-11-22 18:18:40.816] [jointLog] [info] Finished optimizer
[2021-11-22 18:18:40.816] [jointLog] [info] writing output 

