[2021-11-22 18:09:46.925] [jointLog] [info] setting maxHashResizeThreads to 16
[2021-11-22 18:09:46.925] [jointLog] [info] Fragment incompatibility prior below threshold.  Incompatible fragments will be ignored.
[2021-11-22 18:09:46.925] [jointLog] [info] Usage of --validateMappings implies use of minScoreFraction. Since not explicitly specified, it is being set to 0.65
[2021-11-22 18:09:46.925] [jointLog] [info] Setting consensusSlack to selective-alignment default of 0.35.
[2021-11-22 18:09:46.925] [jointLog] [info] parsing read library format
[2021-11-22 18:09:46.925] [jointLog] [info] There is 1 library.
[2021-11-22 18:09:46.969] [jointLog] [info] Loading pufferfish index
[2021-11-22 18:09:46.970] [jointLog] [info] Loading dense pufferfish index.
[2021-11-22 18:09:47.499] [jointLog] [info] done
[2021-11-22 18:09:47.499] [jointLog] [info] Index contained 32,139 targets
[2021-11-22 18:09:48.215] [jointLog] [info] Number of decoys : 0
[2021-11-22 18:09:49.935] [jointLog] [info] Automatically detected most likely library type as ISR

[2021-11-22 18:16:16.470] [jointLog] [info] Thread saw mini-batch with a maximum of 1.70% zero probability fragments
[2021-11-22 18:16:16.471] [jointLog] [info] Thread saw mini-batch with a maximum of 1.80% zero probability fragments
[2021-11-22 18:16:16.471] [jointLog] [info] Thread saw mini-batch with a maximum of 1.82% zero probability fragments
[2021-11-22 18:16:16.471] [jointLog] [info] Thread saw mini-batch with a maximum of 1.68% zero probability fragments
[2021-11-22 18:16:16.472] [jointLog] [info] Thread saw mini-batch with a maximum of 1.74% zero probability fragments
[2021-11-22 18:16:16.472] [jointLog] [info] Thread saw mini-batch with a maximum of 1.74% zero probability fragments
[2021-11-22 18:16:16.475] [jointLog] [info] Thread saw mini-batch with a maximum of 1.66% zero probability fragments
[2021-11-22 18:16:16.476] [jointLog] [info] Thread saw mini-batch with a maximum of 1.78% zero probability fragments
[2021-11-22 18:16:16.476] [jointLog] [info] Thread saw mini-batch with a maximum of 1.72% zero probability fragments
[2021-11-22 18:16:16.518] [jointLog] [info] Thread saw mini-batch with a maximum of 1.66% zero probability fragments
[2021-11-22 18:16:16.560] [jointLog] [info] Thread saw mini-batch with a maximum of 1.92% zero probability fragments
[2021-11-22 18:16:16.573] [jointLog] [info] Thread saw mini-batch with a maximum of 1.72% zero probability fragments
[2021-11-22 18:16:16.629] [jointLog] [info] Thread saw mini-batch with a maximum of 1.70% zero probability fragments
[2021-11-22 18:16:16.640] [jointLog] [info] Thread saw mini-batch with a maximum of 1.86% zero probability fragments
[2021-11-22 18:16:16.665] [jointLog] [info] Thread saw mini-batch with a maximum of 1.68% zero probability fragments
[2021-11-22 18:16:16.719] [jointLog] [info] Thread saw mini-batch with a maximum of 1.70% zero probability fragments
[2021-11-22 18:16:16.844] [jointLog] [info] Computed 94,488 rich equivalence classes for further processing
[2021-11-22 18:16:16.844] [jointLog] [info] Counted 17,831,469 total reads in the equivalence classes 
[2021-11-22 18:16:16.855] [jointLog] [info] Number of mappings discarded because of alignment score : 7,220,253
[2021-11-22 18:16:16.855] [jointLog] [info] Number of fragments entirely discarded because of alignment score : 1,236,986
[2021-11-22 18:16:16.855] [jointLog] [info] Number of fragments discarded because they are best-mapped to decoys : 0
[2021-11-22 18:16:16.855] [jointLog] [info] Number of fragments discarded because they have only dovetail (discordant) mappings to valid targets : 172,395
[2021-11-22 18:16:16.855] [jointLog] [info] Mapping rate = 72.7863%

[2021-11-22 18:16:16.855] [jointLog] [info] finished quantifyLibrary()
[2021-11-22 18:16:16.856] [jointLog] [info] Starting optimizer
[2021-11-22 18:16:16.896] [jointLog] [info] Marked 0 weighted equivalence classes as degenerate
[2021-11-22 18:16:16.904] [jointLog] [info] iteration = 0 | max rel diff. = 27992.3
[2021-11-22 18:16:16.985] [jointLog] [info] iteration 11, adjusting effective lengths to account for biases
[2021-11-22 18:16:16.844] [fileLog] [info] 
At end of round 0
==================
Observed 24498379 total fragments (24498379 in most recent round)

[2021-11-22 18:19:38.158] [jointLog] [info] Computed expected counts (for bias correction)
[2021-11-22 18:19:38.169] [jointLog] [info] processed bias for 0.0% of the transcripts
[2021-11-22 18:19:53.962] [jointLog] [info] processed bias for 10.0% of the transcripts
[2021-11-22 18:20:09.546] [jointLog] [info] processed bias for 20.0% of the transcripts
[2021-11-22 18:20:25.234] [jointLog] [info] processed bias for 30.0% of the transcripts
[2021-11-22 18:20:41.446] [jointLog] [info] processed bias for 40.0% of the transcripts
[2021-11-22 18:20:57.607] [jointLog] [info] processed bias for 50.0% of the transcripts
[2021-11-22 18:21:13.030] [jointLog] [info] processed bias for 60.0% of the transcripts
[2021-11-22 18:21:29.351] [jointLog] [info] processed bias for 70.0% of the transcripts
[2021-11-22 18:21:44.788] [jointLog] [info] processed bias for 80.0% of the transcripts
[2021-11-22 18:22:00.632] [jointLog] [info] processed bias for 90.0% of the transcripts
[2021-11-22 18:22:15.468] [jointLog] [info] processed bias for 100.0% of the transcripts
[2021-11-22 18:22:15.506] [jointLog] [info] processed bias for 100.0% of the transcripts
[2021-11-22 18:22:16.169] [jointLog] [info] iteration = 100 | max rel diff. = 17.002
[2021-11-22 18:22:16.900] [jointLog] [info] iteration = 200 | max rel diff. = 5.2122
[2021-11-22 18:22:17.624] [jointLog] [info] iteration = 300 | max rel diff. = 11.6984
[2021-11-22 18:22:18.338] [jointLog] [info] iteration = 400 | max rel diff. = 0.720592
[2021-11-22 18:22:19.030] [jointLog] [info] iteration = 500 | max rel diff. = 0.104028
[2021-11-22 18:22:19.750] [jointLog] [info] iteration = 600 | max rel diff. = 0.473143
[2021-11-22 18:22:20.473] [jointLog] [info] iteration = 700 | max rel diff. = 1.12486
[2021-11-22 18:22:21.198] [jointLog] [info] iteration = 800 | max rel diff. = 0.189226
[2021-11-22 18:22:21.956] [jointLog] [info] iteration = 900 | max rel diff. = 0.0248432
[2021-11-22 18:22:22.220] [jointLog] [info] iteration = 934 | max rel diff. = 0.00688275
[2021-11-22 18:22:22.225] [jointLog] [info] Finished optimizer
[2021-11-22 18:22:22.225] [jointLog] [info] writing output 

