[2022-03-29 15:35:18.985] [jointLog] [info] Fragment incompatibility prior below threshold.  Incompatible fragments will be ignored.
[2022-03-29 15:35:18.985] [jointLog] [info] Usage of --validateMappings implies use of minScoreFraction. Since not explicitly specified, it is being set to 0.65
[2022-03-29 15:35:18.985] [jointLog] [info] Usage of --validateMappings, without --hardFilter implies use of range factorization. rangeFactorizationBins is being set to 4
[2022-03-29 15:35:18.985] [jointLog] [info] Usage of --validateMappings implies a default consensus slack of 0.2. Setting consensusSlack to 0.2.
[2022-03-29 15:35:18.985] [jointLog] [info] parsing read library format
[2022-03-29 15:35:18.985] [jointLog] [info] There is 1 library.
[2022-03-29 15:35:19.052] [jointLog] [info] Loading Quasi index
[2022-03-29 15:35:19.052] [jointLog] [info] Loading 32-bit quasi index
[2022-03-29 15:35:25.669] [jointLog] [info] done
[2022-03-29 15:35:25.669] [jointLog] [info] Index contained 49,823 targets
[2022-03-29 15:35:29.248] [jointLog] [info] Automatically detected most likely library type as ISF
[2022-03-29 15:53:28.366] [jointLog] [info] Thread saw mini-batch with a maximum of 1.14% zero probability fragments
[2022-03-29 15:53:28.367] [jointLog] [info] Thread saw mini-batch with a maximum of 1.12% zero probability fragments
[2022-03-29 15:53:28.367] [jointLog] [info] Thread saw mini-batch with a maximum of 1.22% zero probability fragments
[2022-03-29 15:53:28.368] [jointLog] [info] Thread saw mini-batch with a maximum of 1.20% zero probability fragments
[2022-03-29 15:53:28.368] [jointLog] [info] Thread saw mini-batch with a maximum of 1.10% zero probability fragments
[2022-03-29 15:53:28.368] [jointLog] [info] Thread saw mini-batch with a maximum of 1.14% zero probability fragments
[2022-03-29 15:53:28.459] [jointLog] [info] Thread saw mini-batch with a maximum of 1.20% zero probability fragments
[2022-03-29 15:53:28.762] [jointLog] [info] Thread saw mini-batch with a maximum of 1.34% zero probability fragments
[2022-03-29 15:53:28.834] [jointLog] [info] Thread saw mini-batch with a maximum of 1.12% zero probability fragments
[2022-03-29 15:53:28.841] [jointLog] [info] Thread saw mini-batch with a maximum of 1.26% zero probability fragments
[2022-03-29 15:53:28.844] [jointLog] [info] Thread saw mini-batch with a maximum of 1.20% zero probability fragments
[2022-03-29 15:53:28.849] [jointLog] [info] Thread saw mini-batch with a maximum of 1.08% zero probability fragments
[2022-03-29 15:53:28.862] [jointLog] [info] Thread saw mini-batch with a maximum of 1.34% zero probability fragments
[2022-03-29 15:53:28.884] [jointLog] [info] Thread saw mini-batch with a maximum of 1.34% zero probability fragments
[2022-03-29 15:53:28.924] [jointLog] [info] Thread saw mini-batch with a maximum of 1.10% zero probability fragments
[2022-03-29 15:53:28.939] [jointLog] [info] Thread saw mini-batch with a maximum of 1.14% zero probability fragments
[2022-03-29 15:53:29.064] [jointLog] [info] Thread saw mini-batch with a maximum of 1.20% zero probability fragments
[2022-03-29 15:53:29.179] [jointLog] [info] Thread saw mini-batch with a maximum of 1.18% zero probability fragments
[2022-03-29 15:53:29.189] [jointLog] [info] Thread saw mini-batch with a maximum of 1.14% zero probability fragments
[2022-03-29 15:53:29.242] [jointLog] [info] Thread saw mini-batch with a maximum of 1.20% zero probability fragments
[2022-03-29 15:53:29.282] [jointLog] [info] Thread saw mini-batch with a maximum of 1.12% zero probability fragments
[2022-03-29 15:53:29.304] [jointLog] [info] Thread saw mini-batch with a maximum of 1.16% zero probability fragments
[2022-03-29 15:53:29.313] [jointLog] [info] Thread saw mini-batch with a maximum of 1.16% zero probability fragments
[2022-03-29 15:53:29.314] [jointLog] [info] Thread saw mini-batch with a maximum of 1.18% zero probability fragments
[2022-03-29 15:53:29.317] [jointLog] [info] Thread saw mini-batch with a maximum of 1.14% zero probability fragments
[2022-03-29 15:53:29.335] [jointLog] [info] Thread saw mini-batch with a maximum of 1.20% zero probability fragments
[2022-03-29 15:53:29.339] [jointLog] [info] Thread saw mini-batch with a maximum of 1.12% zero probability fragments
[2022-03-29 15:53:29.360] [jointLog] [info] Thread saw mini-batch with a maximum of 1.08% zero probability fragments
[2022-03-29 15:53:29.506] [jointLog] [info] Computed 141,079 rich equivalence classes for further processing
[2022-03-29 15:53:29.506] [jointLog] [info] Counted 58,862,330 total reads in the equivalence classes 
[2022-03-29 15:53:29.540] [jointLog] [info] Number of mappings discarded because of alignment score : 867,638
[2022-03-29 15:53:29.540] [jointLog] [info] Number of fragments entirely discarded because of alignment score : 2,702,956
[2022-03-29 15:53:29.540] [jointLog] [info] Number of fragments discarded because they are best-mapped to decoys : 0
[2022-03-29 15:53:29.540] [jointLog] [info] Number of fragments discarded because they have only dovetail (discordant) mappings : 7,692,081
[2022-03-29 15:53:29.540] [jointLog] [info] Mapping rate = 73.6607%

[2022-03-29 15:53:29.540] [jointLog] [info] finished quantifyLibrary()
[2022-03-29 15:53:29.568] [jointLog] [info] Starting optimizer
[2022-03-29 15:53:29.687] [jointLog] [info] Marked 0 weighted equivalence classes as degenerate
[2022-03-29 15:53:29.709] [jointLog] [info] iteration = 0 | max rel diff. = 107.945
[2022-03-29 15:53:29.506] [fileLog] [info] 
At end of round 0
==================
Observed 79910065 total fragments (79910065 in most recent round)

[2022-03-29 15:53:29.888] [jointLog] [info] iteration 11, adjusting effective lengths to account for biases
[2022-03-29 15:54:55.363] [jointLog] [info] Computed expected counts (for bias correction)
[2022-03-29 15:54:55.364] [jointLog] [info] processed bias for 0.0% of the transcripts
[2022-03-29 15:55:05.882] [jointLog] [info] processed bias for 10.0% of the transcripts
[2022-03-29 15:55:17.310] [jointLog] [info] processed bias for 20.0% of the transcripts
[2022-03-29 15:55:28.451] [jointLog] [info] processed bias for 30.0% of the transcripts
[2022-03-29 15:55:39.020] [jointLog] [info] processed bias for 40.0% of the transcripts
[2022-03-29 15:55:49.632] [jointLog] [info] processed bias for 50.0% of the transcripts
[2022-03-29 15:55:59.899] [jointLog] [info] processed bias for 60.0% of the transcripts
[2022-03-29 15:56:11.312] [jointLog] [info] processed bias for 70.0% of the transcripts
[2022-03-29 15:56:22.654] [jointLog] [info] processed bias for 80.0% of the transcripts
[2022-03-29 15:56:30.323] [jointLog] [info] processed bias for 100.0% of the transcripts
[2022-03-29 15:56:31.885] [jointLog] [info] iteration = 100 | max rel diff. = 12.7517
[2022-03-29 15:56:33.402] [jointLog] [info] iteration = 200 | max rel diff. = 4.82932
[2022-03-29 15:56:34.972] [jointLog] [info] iteration = 300 | max rel diff. = 2.95534
[2022-03-29 15:56:36.625] [jointLog] [info] iteration = 400 | max rel diff. = 2.19009
[2022-03-29 15:56:38.313] [jointLog] [info] iteration = 500 | max rel diff. = 0.734765
[2022-03-29 15:56:39.757] [jointLog] [info] iteration = 600 | max rel diff. = 0.643712
[2022-03-29 15:56:41.377] [jointLog] [info] iteration = 700 | max rel diff. = 0.180319
[2022-03-29 15:56:43.113] [jointLog] [info] iteration = 800 | max rel diff. = 0.229585
[2022-03-29 15:56:44.644] [jointLog] [info] iteration = 900 | max rel diff. = 0.129929
[2022-03-29 15:56:46.345] [jointLog] [info] iteration = 1,000 | max rel diff. = 0.0537767
[2022-03-29 15:56:47.909] [jointLog] [info] iteration = 1,100 | max rel diff. = 0.0946284
[2022-03-29 15:56:49.402] [jointLog] [info] iteration = 1,200 | max rel diff. = 0.307631
[2022-03-29 15:56:51.000] [jointLog] [info] iteration = 1,300 | max rel diff. = 3.78846
[2022-03-29 15:56:52.641] [jointLog] [info] iteration = 1,400 | max rel diff. = 0.0535968
[2022-03-29 15:56:54.014] [jointLog] [info] iteration = 1,500 | max rel diff. = 0.123213
[2022-03-29 15:56:55.584] [jointLog] [info] iteration = 1,600 | max rel diff. = 0.033045
[2022-03-29 15:56:57.192] [jointLog] [info] iteration = 1,700 | max rel diff. = 0.0839415
[2022-03-29 15:56:59.034] [jointLog] [info] iteration = 1,800 | max rel diff. = 0.0514498
[2022-03-29 15:57:00.647] [jointLog] [info] iteration = 1,900 | max rel diff. = 10.8041
[2022-03-29 15:57:00.657] [jointLog] [info] iteration = 1,902 | max rel diff. = 0.00962675
[2022-03-29 15:57:00.668] [jointLog] [info] Finished optimizer
[2022-03-29 15:57:00.669] [jointLog] [info] writing output 

