[2022-03-29 14:54:02.739] [jointLog] [info] Fragment incompatibility prior below threshold.  Incompatible fragments will be ignored.
[2022-03-29 14:54:02.739] [jointLog] [info] Usage of --validateMappings implies use of minScoreFraction. Since not explicitly specified, it is being set to 0.65
[2022-03-29 14:54:02.739] [jointLog] [info] Usage of --validateMappings, without --hardFilter implies use of range factorization. rangeFactorizationBins is being set to 4
[2022-03-29 14:54:02.739] [jointLog] [info] Usage of --validateMappings implies a default consensus slack of 0.2. Setting consensusSlack to 0.2.
[2022-03-29 14:54:02.739] [jointLog] [info] parsing read library format
[2022-03-29 14:54:02.739] [jointLog] [info] There is 1 library.
[2022-03-29 14:54:02.792] [jointLog] [info] Loading Quasi index
[2022-03-29 14:54:02.793] [jointLog] [info] Loading 32-bit quasi index
[2022-03-29 14:54:08.725] [jointLog] [info] done
[2022-03-29 14:54:08.725] [jointLog] [info] Index contained 49,823 targets
[2022-03-29 14:54:12.480] [jointLog] [info] Automatically detected most likely library type as ISF
[2022-03-29 15:11:48.571] [jointLog] [info] Thread saw mini-batch with a maximum of 1.42% zero probability fragments
[2022-03-29 15:11:48.571] [jointLog] [info] Thread saw mini-batch with a maximum of 1.48% zero probability fragments
[2022-03-29 15:11:48.571] [jointLog] [info] Thread saw mini-batch with a maximum of 1.48% zero probability fragments
[2022-03-29 15:11:48.571] [jointLog] [info] Thread saw mini-batch with a maximum of 1.48% zero probability fragments
[2022-03-29 15:11:48.571] [jointLog] [info] Thread saw mini-batch with a maximum of 1.54% zero probability fragments
[2022-03-29 15:11:48.571] [jointLog] [info] Thread saw mini-batch with a maximum of 1.36% zero probability fragments
[2022-03-29 15:11:48.705] [jointLog] [info] Thread saw mini-batch with a maximum of 1.32% zero probability fragments
[2022-03-29 15:11:48.745] [jointLog] [info] Thread saw mini-batch with a maximum of 1.50% zero probability fragments
[2022-03-29 15:11:48.866] [jointLog] [info] Thread saw mini-batch with a maximum of 1.66% zero probability fragments
[2022-03-29 15:11:48.870] [jointLog] [info] Thread saw mini-batch with a maximum of 1.46% zero probability fragments
[2022-03-29 15:11:48.937] [jointLog] [info] Thread saw mini-batch with a maximum of 1.36% zero probability fragments
[2022-03-29 15:11:49.015] [jointLog] [info] Thread saw mini-batch with a maximum of 1.40% zero probability fragments
[2022-03-29 15:11:49.069] [jointLog] [info] Thread saw mini-batch with a maximum of 1.46% zero probability fragments
[2022-03-29 15:11:49.070] [jointLog] [info] Thread saw mini-batch with a maximum of 1.40% zero probability fragments
[2022-03-29 15:11:49.232] [jointLog] [info] Thread saw mini-batch with a maximum of 1.44% zero probability fragments
[2022-03-29 15:11:49.348] [jointLog] [info] Thread saw mini-batch with a maximum of 1.44% zero probability fragments
[2022-03-29 15:11:49.358] [jointLog] [info] Thread saw mini-batch with a maximum of 1.46% zero probability fragments
[2022-03-29 15:11:49.373] [jointLog] [info] Thread saw mini-batch with a maximum of 1.54% zero probability fragments
[2022-03-29 15:11:49.419] [jointLog] [info] Thread saw mini-batch with a maximum of 1.44% zero probability fragments
[2022-03-29 15:11:49.433] [jointLog] [info] Thread saw mini-batch with a maximum of 1.40% zero probability fragments
[2022-03-29 15:11:49.436] [jointLog] [info] Thread saw mini-batch with a maximum of 1.42% zero probability fragments
[2022-03-29 15:11:49.456] [jointLog] [info] Thread saw mini-batch with a maximum of 1.40% zero probability fragments
[2022-03-29 15:11:49.461] [jointLog] [info] Thread saw mini-batch with a maximum of 1.42% zero probability fragments
[2022-03-29 15:11:49.465] [jointLog] [info] Thread saw mini-batch with a maximum of 1.46% zero probability fragments
[2022-03-29 15:11:49.483] [jointLog] [info] Thread saw mini-batch with a maximum of 1.40% zero probability fragments
[2022-03-29 15:11:49.483] [jointLog] [info] Thread saw mini-batch with a maximum of 1.42% zero probability fragments
[2022-03-29 15:11:49.491] [jointLog] [info] Thread saw mini-batch with a maximum of 1.44% zero probability fragments
[2022-03-29 15:11:49.512] [jointLog] [info] Thread saw mini-batch with a maximum of 1.50% zero probability fragments
[2022-03-29 15:11:49.673] [jointLog] [info] Computed 163,203 rich equivalence classes for further processing
[2022-03-29 15:11:49.673] [jointLog] [info] Counted 49,434,193 total reads in the equivalence classes 
[2022-03-29 15:11:49.708] [jointLog] [info] Number of mappings discarded because of alignment score : 1,047,743
[2022-03-29 15:11:49.708] [jointLog] [info] Number of fragments entirely discarded because of alignment score : 2,987,002
[2022-03-29 15:11:49.708] [jointLog] [info] Number of fragments discarded because they are best-mapped to decoys : 0
[2022-03-29 15:11:49.708] [jointLog] [info] Number of fragments discarded because they have only dovetail (discordant) mappings : 6,094,607
[2022-03-29 15:11:49.708] [jointLog] [info] Mapping rate = 71.3613%

[2022-03-29 15:11:49.708] [jointLog] [info] finished quantifyLibrary()
[2022-03-29 15:11:49.710] [jointLog] [info] Starting optimizer
[2022-03-29 15:11:49.750] [jointLog] [info] Marked 0 weighted equivalence classes as degenerate
[2022-03-29 15:11:49.771] [jointLog] [info] iteration = 0 | max rel diff. = 449.548
[2022-03-29 15:11:49.959] [jointLog] [info] iteration 11, adjusting effective lengths to account for biases
[2022-03-29 15:11:49.673] [fileLog] [info] 
At end of round 0
==================
Observed 69273129 total fragments (69273129 in most recent round)

[2022-03-29 15:13:28.001] [jointLog] [info] Computed expected counts (for bias correction)
[2022-03-29 15:13:28.004] [jointLog] [info] processed bias for 0.0% of the transcripts
[2022-03-29 15:13:39.065] [jointLog] [info] processed bias for 10.0% of the transcripts
[2022-03-29 15:13:50.364] [jointLog] [info] processed bias for 20.0% of the transcripts
[2022-03-29 15:14:03.014] [jointLog] [info] processed bias for 30.0% of the transcripts
[2022-03-29 15:14:15.409] [jointLog] [info] processed bias for 40.0% of the transcripts
[2022-03-29 15:14:27.189] [jointLog] [info] processed bias for 50.0% of the transcripts
[2022-03-29 15:14:39.978] [jointLog] [info] processed bias for 60.0% of the transcripts
[2022-03-29 15:14:51.162] [jointLog] [info] processed bias for 70.0% of the transcripts
[2022-03-29 15:15:02.840] [jointLog] [info] processed bias for 80.0% of the transcripts
[2022-03-29 15:15:13.241] [jointLog] [info] processed bias for 90.0% of the transcripts
[2022-03-29 15:15:15.507] [jointLog] [info] processed bias for 100.0% of the transcripts
[2022-03-29 15:15:17.366] [jointLog] [info] iteration = 100 | max rel diff. = 15.7452
[2022-03-29 15:15:19.451] [jointLog] [info] iteration = 200 | max rel diff. = 8.75345
[2022-03-29 15:15:21.266] [jointLog] [info] iteration = 300 | max rel diff. = 0.736928
[2022-03-29 15:15:23.469] [jointLog] [info] iteration = 400 | max rel diff. = 2.56773
[2022-03-29 15:15:25.486] [jointLog] [info] iteration = 500 | max rel diff. = 0.336972
[2022-03-29 15:15:27.374] [jointLog] [info] iteration = 600 | max rel diff. = 0.181733
[2022-03-29 15:15:29.421] [jointLog] [info] iteration = 700 | max rel diff. = 3.64764
[2022-03-29 15:15:31.439] [jointLog] [info] iteration = 800 | max rel diff. = 0.145362
[2022-03-29 15:15:33.445] [jointLog] [info] iteration = 900 | max rel diff. = 0.179335
[2022-03-29 15:15:35.392] [jointLog] [info] iteration = 1,000 | max rel diff. = 1.02408
[2022-03-29 15:15:37.249] [jointLog] [info] iteration = 1,100 | max rel diff. = 0.0488127
[2022-03-29 15:15:39.489] [jointLog] [info] iteration = 1,200 | max rel diff. = 0.102075
[2022-03-29 15:15:41.553] [jointLog] [info] iteration = 1,300 | max rel diff. = 0.0956443
[2022-03-29 15:15:43.406] [jointLog] [info] iteration = 1,400 | max rel diff. = 0.101288
[2022-03-29 15:15:45.605] [jointLog] [info] iteration = 1,500 | max rel diff. = 0.49301
[2022-03-29 15:15:47.300] [jointLog] [info] iteration = 1,600 | max rel diff. = 0.0173316
[2022-03-29 15:15:49.175] [jointLog] [info] iteration = 1,700 | max rel diff. = 0.155741
[2022-03-29 15:15:49.363] [jointLog] [info] iteration = 1,709 | max rel diff. = 0.00846737
[2022-03-29 15:15:49.379] [jointLog] [info] Finished optimizer
[2022-03-29 15:15:49.379] [jointLog] [info] writing output 

