[2021-11-22 18:04:17.442] [jointLog] [info] setting maxHashResizeThreads to 16
[2021-11-22 18:04:17.442] [jointLog] [info] Fragment incompatibility prior below threshold.  Incompatible fragments will be ignored.
[2021-11-22 18:04:17.442] [jointLog] [info] Usage of --validateMappings implies use of minScoreFraction. Since not explicitly specified, it is being set to 0.65
[2021-11-22 18:04:17.442] [jointLog] [info] Setting consensusSlack to selective-alignment default of 0.35.
[2021-11-22 18:04:17.442] [jointLog] [info] parsing read library format
[2021-11-22 18:04:17.442] [jointLog] [info] There is 1 library.
[2021-11-22 18:04:17.486] [jointLog] [info] Loading pufferfish index
[2021-11-22 18:04:17.487] [jointLog] [info] Loading dense pufferfish index.
[2021-11-22 18:04:17.832] [jointLog] [info] done
[2021-11-22 18:04:17.832] [jointLog] [info] Index contained 32,139 targets
[2021-11-22 18:04:18.555] [jointLog] [info] Number of decoys : 0
[2021-11-22 18:04:20.302] [jointLog] [info] Automatically detected most likely library type as ISR

[2021-11-22 18:10:38.467] [jointLog] [info] Thread saw mini-batch with a maximum of 1.44% zero probability fragments
[2021-11-22 18:10:38.472] [jointLog] [info] Thread saw mini-batch with a maximum of 1.42% zero probability fragments
[2021-11-22 18:10:38.567] [jointLog] [info] Thread saw mini-batch with a maximum of 1.40% zero probability fragments
[2021-11-22 18:10:38.629] [jointLog] [info] Thread saw mini-batch with a maximum of 1.46% zero probability fragments
[2021-11-22 18:10:38.695] [jointLog] [info] Thread saw mini-batch with a maximum of 1.42% zero probability fragments
[2021-11-22 18:10:38.700] [jointLog] [info] Thread saw mini-batch with a maximum of 1.36% zero probability fragments
[2021-11-22 18:10:38.715] [jointLog] [info] Thread saw mini-batch with a maximum of 1.42% zero probability fragments
[2021-11-22 18:10:38.723] [jointLog] [info] Thread saw mini-batch with a maximum of 1.28% zero probability fragments
[2021-11-22 18:10:38.761] [jointLog] [info] Thread saw mini-batch with a maximum of 1.44% zero probability fragments
[2021-11-22 18:10:38.820] [jointLog] [info] Thread saw mini-batch with a maximum of 1.42% zero probability fragments
[2021-11-22 18:10:38.833] [jointLog] [info] Thread saw mini-batch with a maximum of 1.30% zero probability fragments
[2021-11-22 18:10:38.900] [jointLog] [info] Thread saw mini-batch with a maximum of 1.34% zero probability fragments
[2021-11-22 18:10:38.905] [jointLog] [info] Thread saw mini-batch with a maximum of 1.36% zero probability fragments
[2021-11-22 18:10:38.915] [jointLog] [info] Thread saw mini-batch with a maximum of 1.40% zero probability fragments
[2021-11-22 18:10:38.919] [jointLog] [info] Thread saw mini-batch with a maximum of 1.42% zero probability fragments
[2021-11-22 18:10:38.921] [jointLog] [info] Thread saw mini-batch with a maximum of 1.30% zero probability fragments
[2021-11-22 18:10:39.019] [jointLog] [info] Computed 95,965 rich equivalence classes for further processing
[2021-11-22 18:10:39.019] [jointLog] [info] Counted 19,188,456 total reads in the equivalence classes 
[2021-11-22 18:10:39.029] [jointLog] [info] Number of mappings discarded because of alignment score : 6,139,122
[2021-11-22 18:10:39.029] [jointLog] [info] Number of fragments entirely discarded because of alignment score : 985,245
[2021-11-22 18:10:39.029] [jointLog] [info] Number of fragments discarded because they are best-mapped to decoys : 0
[2021-11-22 18:10:39.029] [jointLog] [info] Number of fragments discarded because they have only dovetail (discordant) mappings to valid targets : 117,949
[2021-11-22 18:10:39.029] [jointLog] [info] Mapping rate = 78.3243%

[2021-11-22 18:10:39.029] [jointLog] [info] finished quantifyLibrary()
[2021-11-22 18:10:39.031] [jointLog] [info] Starting optimizer
[2021-11-22 18:10:39.059] [jointLog] [info] Marked 0 weighted equivalence classes as degenerate
[2021-11-22 18:10:39.067] [jointLog] [info] iteration = 0 | max rel diff. = 30710.5
[2021-11-22 18:10:39.144] [jointLog] [info] iteration 11, adjusting effective lengths to account for biases
[2021-11-22 18:10:39.020] [fileLog] [info] 
At end of round 0
==================
Observed 24498741 total fragments (24498741 in most recent round)

[2021-11-22 18:14:01.650] [jointLog] [info] Computed expected counts (for bias correction)
[2021-11-22 18:14:01.651] [jointLog] [info] processed bias for 0.0% of the transcripts
[2021-11-22 18:14:17.458] [jointLog] [info] processed bias for 10.0% of the transcripts
[2021-11-22 18:14:33.125] [jointLog] [info] processed bias for 20.0% of the transcripts
[2021-11-22 18:14:48.862] [jointLog] [info] processed bias for 30.0% of the transcripts
[2021-11-22 18:15:05.158] [jointLog] [info] processed bias for 40.0% of the transcripts
[2021-11-22 18:15:21.462] [jointLog] [info] processed bias for 50.0% of the transcripts
[2021-11-22 18:15:37.014] [jointLog] [info] processed bias for 60.0% of the transcripts
[2021-11-22 18:15:53.070] [jointLog] [info] processed bias for 70.0% of the transcripts
[2021-11-22 18:16:08.422] [jointLog] [info] processed bias for 80.0% of the transcripts
[2021-11-22 18:16:23.945] [jointLog] [info] processed bias for 90.0% of the transcripts
[2021-11-22 18:16:38.644] [jointLog] [info] processed bias for 100.0% of the transcripts
[2021-11-22 18:16:38.678] [jointLog] [info] processed bias for 100.0% of the transcripts
[2021-11-22 18:16:39.353] [jointLog] [info] iteration = 100 | max rel diff. = 10.2297
[2021-11-22 18:16:40.042] [jointLog] [info] iteration = 200 | max rel diff. = 6.0549
[2021-11-22 18:16:40.744] [jointLog] [info] iteration = 300 | max rel diff. = 17.6298
[2021-11-22 18:16:41.477] [jointLog] [info] iteration = 400 | max rel diff. = 0.115639
[2021-11-22 18:16:42.211] [jointLog] [info] iteration = 500 | max rel diff. = 0.303251
[2021-11-22 18:16:42.950] [jointLog] [info] iteration = 600 | max rel diff. = 0.0676153
[2021-11-22 18:16:43.695] [jointLog] [info] iteration = 700 | max rel diff. = 0.276275
[2021-11-22 18:16:44.442] [jointLog] [info] iteration = 800 | max rel diff. = 0.0923559
[2021-11-22 18:16:45.177] [jointLog] [info] iteration = 900 | max rel diff. = 0.064511
[2021-11-22 18:16:45.457] [jointLog] [info] iteration = 939 | max rel diff. = 0.0070872
[2021-11-22 18:16:45.461] [jointLog] [info] Finished optimizer
[2021-11-22 18:16:45.461] [jointLog] [info] writing output 

