[2022-03-29 14:54:32.325] [jointLog] [info] Fragment incompatibility prior below threshold.  Incompatible fragments will be ignored.
[2022-03-29 14:54:32.325] [jointLog] [info] Usage of --validateMappings implies use of minScoreFraction. Since not explicitly specified, it is being set to 0.65
[2022-03-29 14:54:32.325] [jointLog] [info] Usage of --validateMappings, without --hardFilter implies use of range factorization. rangeFactorizationBins is being set to 4
[2022-03-29 14:54:32.325] [jointLog] [info] Usage of --validateMappings implies a default consensus slack of 0.2. Setting consensusSlack to 0.2.
[2022-03-29 14:54:32.325] [jointLog] [info] parsing read library format
[2022-03-29 14:54:32.325] [jointLog] [info] There is 1 library.
[2022-03-29 14:54:32.378] [jointLog] [info] Loading Quasi index
[2022-03-29 14:54:32.378] [jointLog] [info] Loading 32-bit quasi index
[2022-03-29 14:54:38.798] [jointLog] [info] done
[2022-03-29 14:54:38.798] [jointLog] [info] Index contained 49,823 targets
[2022-03-29 14:54:42.494] [jointLog] [info] Automatically detected most likely library type as ISF
[2022-03-29 15:12:41.192] [jointLog] [info] Thread saw mini-batch with a maximum of 1.40% zero probability fragments
[2022-03-29 15:12:41.192] [jointLog] [info] Thread saw mini-batch with a maximum of 1.32% zero probability fragments
[2022-03-29 15:12:41.192] [jointLog] [info] Thread saw mini-batch with a maximum of 1.38% zero probability fragments
[2022-03-29 15:12:41.192] [jointLog] [info] Thread saw mini-batch with a maximum of 1.48% zero probability fragments
[2022-03-29 15:12:41.193] [jointLog] [info] Thread saw mini-batch with a maximum of 1.38% zero probability fragments
[2022-03-29 15:12:41.198] [jointLog] [info] Thread saw mini-batch with a maximum of 2.31% zero probability fragments
[2022-03-29 15:12:41.235] [jointLog] [info] Thread saw mini-batch with a maximum of 1.32% zero probability fragments
[2022-03-29 15:12:41.332] [jointLog] [info] Thread saw mini-batch with a maximum of 1.34% zero probability fragments
[2022-03-29 15:12:41.419] [jointLog] [info] Thread saw mini-batch with a maximum of 1.38% zero probability fragments
[2022-03-29 15:12:41.422] [jointLog] [info] Thread saw mini-batch with a maximum of 1.34% zero probability fragments
[2022-03-29 15:12:41.437] [jointLog] [info] Thread saw mini-batch with a maximum of 1.28% zero probability fragments
[2022-03-29 15:12:41.463] [jointLog] [info] Thread saw mini-batch with a maximum of 1.32% zero probability fragments
[2022-03-29 15:12:41.622] [jointLog] [info] Thread saw mini-batch with a maximum of 1.26% zero probability fragments
[2022-03-29 15:12:41.625] [jointLog] [info] Thread saw mini-batch with a maximum of 1.40% zero probability fragments
[2022-03-29 15:12:41.638] [jointLog] [info] Thread saw mini-batch with a maximum of 1.36% zero probability fragments
[2022-03-29 15:12:41.661] [jointLog] [info] Thread saw mini-batch with a maximum of 1.44% zero probability fragments
[2022-03-29 15:12:41.699] [jointLog] [info] Thread saw mini-batch with a maximum of 1.28% zero probability fragments
[2022-03-29 15:12:41.809] [jointLog] [info] Thread saw mini-batch with a maximum of 1.38% zero probability fragments
[2022-03-29 15:12:41.821] [jointLog] [info] Thread saw mini-batch with a maximum of 1.34% zero probability fragments
[2022-03-29 15:12:41.824] [jointLog] [info] Thread saw mini-batch with a maximum of 1.34% zero probability fragments
[2022-03-29 15:12:41.834] [jointLog] [info] Thread saw mini-batch with a maximum of 1.50% zero probability fragments
[2022-03-29 15:12:41.866] [jointLog] [info] Thread saw mini-batch with a maximum of 1.36% zero probability fragments
[2022-03-29 15:12:41.874] [jointLog] [info] Thread saw mini-batch with a maximum of 1.30% zero probability fragments
[2022-03-29 15:12:41.878] [jointLog] [info] Thread saw mini-batch with a maximum of 1.38% zero probability fragments
[2022-03-29 15:12:41.881] [jointLog] [info] Thread saw mini-batch with a maximum of 1.34% zero probability fragments
[2022-03-29 15:12:41.885] [jointLog] [info] Thread saw mini-batch with a maximum of 1.32% zero probability fragments
[2022-03-29 15:12:41.908] [jointLog] [info] Thread saw mini-batch with a maximum of 1.42% zero probability fragments
[2022-03-29 15:12:41.918] [jointLog] [info] Thread saw mini-batch with a maximum of 1.34% zero probability fragments
[2022-03-29 15:12:42.087] [jointLog] [info] Computed 167,632 rich equivalence classes for further processing
[2022-03-29 15:12:42.087] [jointLog] [info] Counted 51,720,167 total reads in the equivalence classes 
[2022-03-29 15:12:42.124] [jointLog] [info] Number of mappings discarded because of alignment score : 1,055,439
[2022-03-29 15:12:42.124] [jointLog] [info] Number of fragments entirely discarded because of alignment score : 3,084,354
[2022-03-29 15:12:42.124] [jointLog] [info] Number of fragments discarded because they are best-mapped to decoys : 0
[2022-03-29 15:12:42.124] [jointLog] [info] Number of fragments discarded because they have only dovetail (discordant) mappings : 6,202,513
[2022-03-29 15:12:42.124] [jointLog] [info] Mapping rate = 71.7885%

[2022-03-29 15:12:42.124] [jointLog] [info] finished quantifyLibrary()
[2022-03-29 15:12:42.125] [jointLog] [info] Starting optimizer
[2022-03-29 15:12:42.088] [fileLog] [info] 
At end of round 0
==================
Observed 72045173 total fragments (72045173 in most recent round)

[2022-03-29 15:12:42.193] [jointLog] [info] Marked 0 weighted equivalence classes as degenerate
[2022-03-29 15:12:42.215] [jointLog] [info] iteration = 0 | max rel diff. = 88.3793
[2022-03-29 15:12:42.403] [jointLog] [info] iteration 11, adjusting effective lengths to account for biases
[2022-03-29 15:14:17.168] [jointLog] [info] Computed expected counts (for bias correction)
[2022-03-29 15:14:17.170] [jointLog] [info] processed bias for 0.0% of the transcripts
[2022-03-29 15:14:28.376] [jointLog] [info] processed bias for 10.0% of the transcripts
[2022-03-29 15:14:41.558] [jointLog] [info] processed bias for 20.0% of the transcripts
[2022-03-29 15:14:54.101] [jointLog] [info] processed bias for 30.0% of the transcripts
[2022-03-29 15:15:05.322] [jointLog] [info] processed bias for 40.0% of the transcripts
[2022-03-29 15:15:16.515] [jointLog] [info] processed bias for 50.0% of the transcripts
[2022-03-29 15:15:27.956] [jointLog] [info] processed bias for 60.0% of the transcripts
[2022-03-29 15:15:40.222] [jointLog] [info] processed bias for 70.0% of the transcripts
[2022-03-29 15:15:51.585] [jointLog] [info] processed bias for 80.0% of the transcripts
[2022-03-29 15:16:02.254] [jointLog] [info] processed bias for 100.0% of the transcripts
[2022-03-29 15:16:04.132] [jointLog] [info] iteration = 100 | max rel diff. = 8.26661
[2022-03-29 15:16:06.182] [jointLog] [info] iteration = 200 | max rel diff. = 15.509
[2022-03-29 15:16:08.355] [jointLog] [info] iteration = 300 | max rel diff. = 2.11951
[2022-03-29 15:16:10.357] [jointLog] [info] iteration = 400 | max rel diff. = 3.13333
[2022-03-29 15:16:12.461] [jointLog] [info] iteration = 500 | max rel diff. = 4.42843
[2022-03-29 15:16:14.493] [jointLog] [info] iteration = 600 | max rel diff. = 14.335
[2022-03-29 15:16:16.662] [jointLog] [info] iteration = 700 | max rel diff. = 0.951604
[2022-03-29 15:16:18.824] [jointLog] [info] iteration = 800 | max rel diff. = 0.964121
[2022-03-29 15:16:20.810] [jointLog] [info] iteration = 900 | max rel diff. = 1.81535
[2022-03-29 15:16:22.907] [jointLog] [info] iteration = 1,000 | max rel diff. = 1.37235
[2022-03-29 15:16:25.021] [jointLog] [info] iteration = 1,100 | max rel diff. = 1.8987
[2022-03-29 15:16:27.158] [jointLog] [info] iteration = 1,200 | max rel diff. = 0.176595
[2022-03-29 15:16:29.212] [jointLog] [info] iteration = 1,300 | max rel diff. = 8.04956
[2022-03-29 15:16:31.344] [jointLog] [info] iteration = 1,400 | max rel diff. = 0.350708
[2022-03-29 15:16:33.572] [jointLog] [info] iteration = 1,500 | max rel diff. = 1.02402
[2022-03-29 15:16:35.736] [jointLog] [info] iteration = 1,600 | max rel diff. = 1.72672
[2022-03-29 15:16:37.721] [jointLog] [info] iteration = 1,700 | max rel diff. = 0.19874
[2022-03-29 15:16:39.784] [jointLog] [info] iteration = 1,800 | max rel diff. = 0.0408543
[2022-03-29 15:16:41.793] [jointLog] [info] iteration = 1,900 | max rel diff. = 0.0899951
[2022-03-29 15:16:43.470] [jointLog] [info] iteration = 1,979 | max rel diff. = 0.00868844
[2022-03-29 15:16:43.474] [jointLog] [info] Finished optimizer
[2022-03-29 15:16:43.475] [jointLog] [info] writing output 

